Build output check failed:
    Regex: 'argument .* is not valid'
    Output line: 'cc1: warning: ‘-Werror=’ argument ‘-Werror=non-virtual-dtor’ is not valid for C'
Compilation failed:
    source file: '/media/leon/4442AE2F42AE25A022/LEONLAH/coding/opencv-4.5.1/build/CMakeFiles/CMakeTmp/src.c'
    check option: ' -fsigned-char -W -Wall -Werror=return-type  -Werror=non-virtual-dtor'
===== BUILD LOG =====
Change Dir: /media/leon/4442AE2F42AE25A022/LEONLAH/coding/opencv-4.5.1/build/CMakeFiles/CMakeTmp

Run Build Command(s):/usr/bin/make cmTC_f658c/fast && /usr/bin/make -f CMakeFiles/cmTC_f658c.dir/build.make CMakeFiles/cmTC_f658c.dir/build
make[1]: Entering directory '/media/leon/4442AE2F42AE25A022/LEONLAH/coding/opencv-4.5.1/build/CMakeFiles/CMakeTmp'
Building C object CMakeFiles/cmTC_f658c.dir/src.c.o
/usr/bin/cc   -O3 -DNDEBUG -fPIE    -fsigned-char -W -Wall -Werror=return-type  -Werror=non-virtual-dtor -o CMakeFiles/cmTC_f658c.dir/src.c.o   -c /media/leon/4442AE2F42AE25A022/LEONLAH/coding/opencv-4.5.1/build/CMakeFiles/CMakeTmp/src.c
cc1: warning: ‘-Werror=’ argument ‘-Werror=non-virtual-dtor’ is not valid for C
/media/leon/4442AE2F42AE25A022/LEONLAH/coding/opencv-4.5.1/build/CMakeFiles/CMakeTmp/src.c:1: warning: ignoring #pragma   [-Wunknown-pragmas]
    1 | #pragma
      | 
Linking C executable cmTC_f658c
/usr/bin/cmake -E cmake_link_script CMakeFiles/cmTC_f658c.dir/link.txt --verbose=1
/usr/bin/cc   -O3 -DNDEBUG    CMakeFiles/cmTC_f658c.dir/src.c.o  -o cmTC_f658c 
make[1]: Leaving directory '/media/leon/4442AE2F42AE25A022/LEONLAH/coding/opencv-4.5.1/build/CMakeFiles/CMakeTmp'


===== END =====

Build output check failed:
    Regex: 'command[- ]line option .* is valid for .* but not for C\+\+'
    Output line: 'cc1plus: warning: command line option ‘-Wmissing-prototypes’ is valid for C/ObjC but not for C++'
Compilation failed:
    source file: '/media/leon/4442AE2F42AE25A022/LEONLAH/coding/opencv-4.5.1/build/CMakeFiles/CMakeTmp/src.cxx'
    check option: ' -fsigned-char -W -Wall -Werror=return-type -Werror=non-virtual-dtor -Werror=address -Werror=sequence-point -Wformat -Werror=format-security -Wmissing-declarations  -Wmissing-prototypes'
===== BUILD LOG =====
Change Dir: /media/leon/4442AE2F42AE25A022/LEONLAH/coding/opencv-4.5.1/build/CMakeFiles/CMakeTmp

Run Build Command(s):/usr/bin/make cmTC_25c51/fast && /usr/bin/make -f CMakeFiles/cmTC_25c51.dir/build.make CMakeFiles/cmTC_25c51.dir/build
make[1]: Entering directory '/media/leon/4442AE2F42AE25A022/LEONLAH/coding/opencv-4.5.1/build/CMakeFiles/CMakeTmp'
Building CXX object CMakeFiles/cmTC_25c51.dir/src.cxx.o
/usr/bin/c++    -O3 -DNDEBUG -fPIE    -fsigned-char -W -Wall -Werror=return-type -Werror=non-virtual-dtor -Werror=address -Werror=sequence-point -Wformat -Werror=format-security -Wmissing-declarations  -Wmissing-prototypes -std=c++11 -o CMakeFiles/cmTC_25c51.dir/src.cxx.o -c /media/leon/4442AE2F42AE25A022/LEONLAH/coding/opencv-4.5.1/build/CMakeFiles/CMakeTmp/src.cxx
cc1plus: warning: command line option ‘-Wmissing-prototypes’ is valid for C/ObjC but not for C++
/media/leon/4442AE2F42AE25A022/LEONLAH/coding/opencv-4.5.1/build/CMakeFiles/CMakeTmp/src.cxx:1: warning: ignoring #pragma   [-Wunknown-pragmas]
    1 | #pragma
      | 
Linking CXX executable cmTC_25c51
/usr/bin/cmake -E cmake_link_script CMakeFiles/cmTC_25c51.dir/link.txt --verbose=1
/usr/bin/c++    -O3 -DNDEBUG    CMakeFiles/cmTC_25c51.dir/src.cxx.o  -o cmTC_25c51 
make[1]: Leaving directory '/media/leon/4442AE2F42AE25A022/LEONLAH/coding/opencv-4.5.1/build/CMakeFiles/CMakeTmp'


===== END =====

Build output check failed:
    Regex: 'command[- ]line option .* is valid for .* but not for C\+\+'
    Output line: 'cc1plus: warning: command line option ‘-Wstrict-prototypes’ is valid for C/ObjC but not for C++'
Compilation failed:
    source file: '/media/leon/4442AE2F42AE25A022/LEONLAH/coding/opencv-4.5.1/build/CMakeFiles/CMakeTmp/src.cxx'
    check option: ' -fsigned-char -W -Wall -Werror=return-type -Werror=non-virtual-dtor -Werror=address -Werror=sequence-point -Wformat -Werror=format-security -Wmissing-declarations  -Wstrict-prototypes'
===== BUILD LOG =====
Change Dir: /media/leon/4442AE2F42AE25A022/LEONLAH/coding/opencv-4.5.1/build/CMakeFiles/CMakeTmp

Run Build Command(s):/usr/bin/make cmTC_76a91/fast && /usr/bin/make -f CMakeFiles/cmTC_76a91.dir/build.make CMakeFiles/cmTC_76a91.dir/build
make[1]: Entering directory '/media/leon/4442AE2F42AE25A022/LEONLAH/coding/opencv-4.5.1/build/CMakeFiles/CMakeTmp'
Building CXX object CMakeFiles/cmTC_76a91.dir/src.cxx.o
/usr/bin/c++    -O3 -DNDEBUG -fPIE    -fsigned-char -W -Wall -Werror=return-type -Werror=non-virtual-dtor -Werror=address -Werror=sequence-point -Wformat -Werror=format-security -Wmissing-declarations  -Wstrict-prototypes -std=c++11 -o CMakeFiles/cmTC_76a91.dir/src.cxx.o -c /media/leon/4442AE2F42AE25A022/LEONLAH/coding/opencv-4.5.1/build/CMakeFiles/CMakeTmp/src.cxx
cc1plus: warning: command line option ‘-Wstrict-prototypes’ is valid for C/ObjC but not for C++
/media/leon/4442AE2F42AE25A022/LEONLAH/coding/opencv-4.5.1/build/CMakeFiles/CMakeTmp/src.cxx:1: warning: ignoring #pragma   [-Wunknown-pragmas]
    1 | #pragma
      | 
Linking CXX executable cmTC_76a91
/usr/bin/cmake -E cmake_link_script CMakeFiles/cmTC_76a91.dir/link.txt --verbose=1
/usr/bin/c++    -O3 -DNDEBUG    CMakeFiles/cmTC_76a91.dir/src.cxx.o  -o cmTC_76a91 
make[1]: Leaving directory '/media/leon/4442AE2F42AE25A022/LEONLAH/coding/opencv-4.5.1/build/CMakeFiles/CMakeTmp'


===== END =====

Build output check failed:
    Regex: 'command[- ]line option .* is valid for .* but not for C'
    Output line: 'cc1: warning: command line option ‘-Wsign-promo’ is valid for C++/ObjC++ but not for C'
Compilation failed:
    source file: '/media/leon/4442AE2F42AE25A022/LEONLAH/coding/opencv-4.5.1/build/CMakeFiles/CMakeTmp/src.c'
    check option: ' -fsigned-char -W -Wall -Werror=return-type -Werror=address -Werror=sequence-point -Wformat -Werror=format-security -Wmissing-declarations -Wmissing-prototypes -Wstrict-prototypes -Wundef -Winit-self -Wpointer-arith -Wshadow  -Wsign-promo'
===== BUILD LOG =====
Change Dir: /media/leon/4442AE2F42AE25A022/LEONLAH/coding/opencv-4.5.1/build/CMakeFiles/CMakeTmp

Run Build Command(s):/usr/bin/make cmTC_1b203/fast && /usr/bin/make -f CMakeFiles/cmTC_1b203.dir/build.make CMakeFiles/cmTC_1b203.dir/build
make[1]: Entering directory '/media/leon/4442AE2F42AE25A022/LEONLAH/coding/opencv-4.5.1/build/CMakeFiles/CMakeTmp'
Building C object CMakeFiles/cmTC_1b203.dir/src.c.o
/usr/bin/cc   -O3 -DNDEBUG -fPIE    -fsigned-char -W -Wall -Werror=return-type -Werror=address -Werror=sequence-point -Wformat -Werror=format-security -Wmissing-declarations -Wmissing-prototypes -Wstrict-prototypes -Wundef -Winit-self -Wpointer-arith -Wshadow  -Wsign-promo -o CMakeFiles/cmTC_1b203.dir/src.c.o   -c /media/leon/4442AE2F42AE25A022/LEONLAH/coding/opencv-4.5.1/build/CMakeFiles/CMakeTmp/src.c
cc1: warning: command line option ‘-Wsign-promo’ is valid for C++/ObjC++ but not for C
/media/leon/4442AE2F42AE25A022/LEONLAH/coding/opencv-4.5.1/build/CMakeFiles/CMakeTmp/src.c:1: warning: ignoring #pragma   [-Wunknown-pragmas]
    1 | #pragma
      | 
Linking C executable cmTC_1b203
/usr/bin/cmake -E cmake_link_script CMakeFiles/cmTC_1b203.dir/link.txt --verbose=1
/usr/bin/cc   -O3 -DNDEBUG    CMakeFiles/cmTC_1b203.dir/src.c.o  -o cmTC_1b203 
make[1]: Leaving directory '/media/leon/4442AE2F42AE25A022/LEONLAH/coding/opencv-4.5.1/build/CMakeFiles/CMakeTmp'


===== END =====

Build output check failed:
    Regex: 'command[- ]line option .* is valid for .* but not for C'
    Output line: 'cc1: warning: command line option ‘-Wsuggest-override’ is valid for C++/ObjC++ but not for C'
Compilation failed:
    source file: '/media/leon/4442AE2F42AE25A022/LEONLAH/coding/opencv-4.5.1/build/CMakeFiles/CMakeTmp/src.c'
    check option: ' -fsigned-char -W -Wall -Werror=return-type -Werror=address -Werror=sequence-point -Wformat -Werror=format-security -Wmissing-declarations -Wmissing-prototypes -Wstrict-prototypes -Wundef -Winit-self -Wpointer-arith -Wshadow -Wuninitialized  -Wsuggest-override'
===== BUILD LOG =====
Change Dir: /media/leon/4442AE2F42AE25A022/LEONLAH/coding/opencv-4.5.1/build/CMakeFiles/CMakeTmp

Run Build Command(s):/usr/bin/make cmTC_9784f/fast && /usr/bin/make -f CMakeFiles/cmTC_9784f.dir/build.make CMakeFiles/cmTC_9784f.dir/build
make[1]: Entering directory '/media/leon/4442AE2F42AE25A022/LEONLAH/coding/opencv-4.5.1/build/CMakeFiles/CMakeTmp'
Building C object CMakeFiles/cmTC_9784f.dir/src.c.o
/usr/bin/cc   -O3 -DNDEBUG -fPIE    -fsigned-char -W -Wall -Werror=return-type -Werror=address -Werror=sequence-point -Wformat -Werror=format-security -Wmissing-declarations -Wmissing-prototypes -Wstrict-prototypes -Wundef -Winit-self -Wpointer-arith -Wshadow -Wuninitialized  -Wsuggest-override -o CMakeFiles/cmTC_9784f.dir/src.c.o   -c /media/leon/4442AE2F42AE25A022/LEONLAH/coding/opencv-4.5.1/build/CMakeFiles/CMakeTmp/src.c
cc1: warning: command line option ‘-Wsuggest-override’ is valid for C++/ObjC++ but not for C
/media/leon/4442AE2F42AE25A022/LEONLAH/coding/opencv-4.5.1/build/CMakeFiles/CMakeTmp/src.c:1: warning: ignoring #pragma   [-Wunknown-pragmas]
    1 | #pragma
      | 
Linking C executable cmTC_9784f
/usr/bin/cmake -E cmake_link_script CMakeFiles/cmTC_9784f.dir/link.txt --verbose=1
/usr/bin/cc   -O3 -DNDEBUG    CMakeFiles/cmTC_9784f.dir/src.c.o  -o cmTC_9784f 
make[1]: Leaving directory '/media/leon/4442AE2F42AE25A022/LEONLAH/coding/opencv-4.5.1/build/CMakeFiles/CMakeTmp'


===== END =====

Build output check failed:
    Regex: 'command[- ]line option .* is valid for .* but not for C'
    Output line: 'cc1: warning: command line option ‘-Wno-delete-non-virtual-dtor’ is valid for C++/ObjC++ but not for C'
Compilation failed:
    source file: '/media/leon/4442AE2F42AE25A022/LEONLAH/coding/opencv-4.5.1/build/CMakeFiles/CMakeTmp/src.c'
    check option: ' -fsigned-char -W -Wall -Werror=return-type -Werror=address -Werror=sequence-point -Wformat -Werror=format-security -Wmissing-declarations -Wmissing-prototypes -Wstrict-prototypes -Wundef -Winit-self -Wpointer-arith -Wshadow -Wuninitialized  -Wno-delete-non-virtual-dtor'
===== BUILD LOG =====
Change Dir: /media/leon/4442AE2F42AE25A022/LEONLAH/coding/opencv-4.5.1/build/CMakeFiles/CMakeTmp

Run Build Command(s):/usr/bin/make cmTC_60b80/fast && /usr/bin/make -f CMakeFiles/cmTC_60b80.dir/build.make CMakeFiles/cmTC_60b80.dir/build
make[1]: Entering directory '/media/leon/4442AE2F42AE25A022/LEONLAH/coding/opencv-4.5.1/build/CMakeFiles/CMakeTmp'
Building C object CMakeFiles/cmTC_60b80.dir/src.c.o
/usr/bin/cc   -O3 -DNDEBUG -fPIE    -fsigned-char -W -Wall -Werror=return-type -Werror=address -Werror=sequence-point -Wformat -Werror=format-security -Wmissing-declarations -Wmissing-prototypes -Wstrict-prototypes -Wundef -Winit-self -Wpointer-arith -Wshadow -Wuninitialized  -Wno-delete-non-virtual-dtor -o CMakeFiles/cmTC_60b80.dir/src.c.o   -c /media/leon/4442AE2F42AE25A022/LEONLAH/coding/opencv-4.5.1/build/CMakeFiles/CMakeTmp/src.c
cc1: warning: command line option ‘-Wno-delete-non-virtual-dtor’ is valid for C++/ObjC++ but not for C
/media/leon/4442AE2F42AE25A022/LEONLAH/coding/opencv-4.5.1/build/CMakeFiles/CMakeTmp/src.c:1: warning: ignoring #pragma   [-Wunknown-pragmas]
    1 | #pragma
      | 
Linking C executable cmTC_60b80
/usr/bin/cmake -E cmake_link_script CMakeFiles/cmTC_60b80.dir/link.txt --verbose=1
/usr/bin/cc   -O3 -DNDEBUG    CMakeFiles/cmTC_60b80.dir/src.c.o  -o cmTC_60b80 
make[1]: Leaving directory '/media/leon/4442AE2F42AE25A022/LEONLAH/coding/opencv-4.5.1/build/CMakeFiles/CMakeTmp'


===== END =====

Build output check failed:
    Regex: 'unrecognized .*option'
    Output line: 'cc1plus: warning: unrecognized command line option ‘-Wno-unnamed-type-template-args’'
Compilation failed:
    source file: '/media/leon/4442AE2F42AE25A022/LEONLAH/coding/opencv-4.5.1/build/CMakeFiles/CMakeTmp/src.cxx'
    check option: ' -fsigned-char -W -Wall -Werror=return-type -Werror=non-virtual-dtor -Werror=address -Werror=sequence-point -Wformat -Werror=format-security -Wmissing-declarations -Wundef -Winit-self -Wpointer-arith -Wshadow -Wsign-promo -Wuninitialized -Wsuggest-override -Wno-delete-non-virtual-dtor  -Wno-unnamed-type-template-args'
===== BUILD LOG =====
Change Dir: /media/leon/4442AE2F42AE25A022/LEONLAH/coding/opencv-4.5.1/build/CMakeFiles/CMakeTmp

Run Build Command(s):/usr/bin/make cmTC_2b2de/fast && /usr/bin/make -f CMakeFiles/cmTC_2b2de.dir/build.make CMakeFiles/cmTC_2b2de.dir/build
make[1]: Entering directory '/media/leon/4442AE2F42AE25A022/LEONLAH/coding/opencv-4.5.1/build/CMakeFiles/CMakeTmp'
Building CXX object CMakeFiles/cmTC_2b2de.dir/src.cxx.o
/usr/bin/c++    -O3 -DNDEBUG -fPIE    -fsigned-char -W -Wall -Werror=return-type -Werror=non-virtual-dtor -Werror=address -Werror=sequence-point -Wformat -Werror=format-security -Wmissing-declarations -Wundef -Winit-self -Wpointer-arith -Wshadow -Wsign-promo -Wuninitialized -Wsuggest-override -Wno-delete-non-virtual-dtor  -Wno-unnamed-type-template-args -std=c++11 -o CMakeFiles/cmTC_2b2de.dir/src.cxx.o -c /media/leon/4442AE2F42AE25A022/LEONLAH/coding/opencv-4.5.1/build/CMakeFiles/CMakeTmp/src.cxx
/media/leon/4442AE2F42AE25A022/LEONLAH/coding/opencv-4.5.1/build/CMakeFiles/CMakeTmp/src.cxx:1: warning: ignoring #pragma   [-Wunknown-pragmas]
    1 | #pragma
      | 
cc1plus: warning: unrecognized command line option ‘-Wno-unnamed-type-template-args’
Linking CXX executable cmTC_2b2de
/usr/bin/cmake -E cmake_link_script CMakeFiles/cmTC_2b2de.dir/link.txt --verbose=1
/usr/bin/c++    -O3 -DNDEBUG    CMakeFiles/cmTC_2b2de.dir/src.cxx.o  -o cmTC_2b2de 
make[1]: Leaving directory '/media/leon/4442AE2F42AE25A022/LEONLAH/coding/opencv-4.5.1/build/CMakeFiles/CMakeTmp'


===== END =====

Build output check failed:
    Regex: 'unrecognized .*option'
    Output line: 'cc1: warning: unrecognized command line option ‘-Wno-unnamed-type-template-args’'
Compilation failed:
    source file: '/media/leon/4442AE2F42AE25A022/LEONLAH/coding/opencv-4.5.1/build/CMakeFiles/CMakeTmp/src.c'
    check option: ' -fsigned-char -W -Wall -Werror=return-type -Werror=address -Werror=sequence-point -Wformat -Werror=format-security -Wmissing-declarations -Wmissing-prototypes -Wstrict-prototypes -Wundef -Winit-self -Wpointer-arith -Wshadow -Wuninitialized  -Wno-unnamed-type-template-args'
===== BUILD LOG =====
Change Dir: /media/leon/4442AE2F42AE25A022/LEONLAH/coding/opencv-4.5.1/build/CMakeFiles/CMakeTmp

Run Build Command(s):/usr/bin/make cmTC_c949f/fast && /usr/bin/make -f CMakeFiles/cmTC_c949f.dir/build.make CMakeFiles/cmTC_c949f.dir/build
make[1]: Entering directory '/media/leon/4442AE2F42AE25A022/LEONLAH/coding/opencv-4.5.1/build/CMakeFiles/CMakeTmp'
Building C object CMakeFiles/cmTC_c949f.dir/src.c.o
/usr/bin/cc   -O3 -DNDEBUG -fPIE    -fsigned-char -W -Wall -Werror=return-type -Werror=address -Werror=sequence-point -Wformat -Werror=format-security -Wmissing-declarations -Wmissing-prototypes -Wstrict-prototypes -Wundef -Winit-self -Wpointer-arith -Wshadow -Wuninitialized  -Wno-unnamed-type-template-args -o CMakeFiles/cmTC_c949f.dir/src.c.o   -c /media/leon/4442AE2F42AE25A022/LEONLAH/coding/opencv-4.5.1/build/CMakeFiles/CMakeTmp/src.c
/media/leon/4442AE2F42AE25A022/LEONLAH/coding/opencv-4.5.1/build/CMakeFiles/CMakeTmp/src.c:1: warning: ignoring #pragma   [-Wunknown-pragmas]
    1 | #pragma
      | 
cc1: warning: unrecognized command line option ‘-Wno-unnamed-type-template-args’
Linking C executable cmTC_c949f
/usr/bin/cmake -E cmake_link_script CMakeFiles/cmTC_c949f.dir/link.txt --verbose=1
/usr/bin/cc   -O3 -DNDEBUG    CMakeFiles/cmTC_c949f.dir/src.c.o  -o cmTC_c949f 
make[1]: Leaving directory '/media/leon/4442AE2F42AE25A022/LEONLAH/coding/opencv-4.5.1/build/CMakeFiles/CMakeTmp'


===== END =====

Build output check failed:
    Regex: 'command[- ]line option .* is valid for .* but not for C'
    Output line: 'cc1: warning: command line option ‘-fvisibility-inlines-hidden’ is valid for C++/ObjC++ but not for C'
Compilation failed:
    source file: '/media/leon/4442AE2F42AE25A022/LEONLAH/coding/opencv-4.5.1/build/CMakeFiles/CMakeTmp/src.c'
    check option: ' -fsigned-char -W -Wall -Werror=return-type -Werror=address -Werror=sequence-point -Wformat -Werror=format-security -Wmissing-declarations -Wmissing-prototypes -Wstrict-prototypes -Wundef -Winit-self -Wpointer-arith -Wshadow -Wuninitialized -Wno-comment -Wimplicit-fallthrough=3 -Wno-strict-overflow -fdiagnostics-show-option -Wno-long-long -pthread -fomit-frame-pointer -ffunction-sections -fdata-sections  -msse -msse2 -msse3 -fvisibility=hidden  -fvisibility-inlines-hidden'
===== BUILD LOG =====
Change Dir: /media/leon/4442AE2F42AE25A022/LEONLAH/coding/opencv-4.5.1/build/CMakeFiles/CMakeTmp

Run Build Command(s):/usr/bin/make cmTC_f2d3c/fast && /usr/bin/make -f CMakeFiles/cmTC_f2d3c.dir/build.make CMakeFiles/cmTC_f2d3c.dir/build
make[1]: Entering directory '/media/leon/4442AE2F42AE25A022/LEONLAH/coding/opencv-4.5.1/build/CMakeFiles/CMakeTmp'
Building C object CMakeFiles/cmTC_f2d3c.dir/src.c.o
/usr/bin/cc   -O3 -DNDEBUG -fPIE    -fsigned-char -W -Wall -Werror=return-type -Werror=address -Werror=sequence-point -Wformat -Werror=format-security -Wmissing-declarations -Wmissing-prototypes -Wstrict-prototypes -Wundef -Winit-self -Wpointer-arith -Wshadow -Wuninitialized -Wno-comment -Wimplicit-fallthrough=3 -Wno-strict-overflow -fdiagnostics-show-option -Wno-long-long -pthread -fomit-frame-pointer -ffunction-sections -fdata-sections  -msse -msse2 -msse3 -fvisibility=hidden  -fvisibility-inlines-hidden -o CMakeFiles/cmTC_f2d3c.dir/src.c.o   -c /media/leon/4442AE2F42AE25A022/LEONLAH/coding/opencv-4.5.1/build/CMakeFiles/CMakeTmp/src.c
cc1: warning: command line option ‘-fvisibility-inlines-hidden’ is valid for C++/ObjC++ but not for C
/media/leon/4442AE2F42AE25A022/LEONLAH/coding/opencv-4.5.1/build/CMakeFiles/CMakeTmp/src.c:1: warning: ignoring #pragma   [-Wunknown-pragmas]
    1 | #pragma
      | 
Linking C executable cmTC_f2d3c
/usr/bin/cmake -E cmake_link_script CMakeFiles/cmTC_f2d3c.dir/link.txt --verbose=1
/usr/bin/cc   -O3 -DNDEBUG    CMakeFiles/cmTC_f2d3c.dir/src.c.o  -o cmTC_f2d3c 
make[1]: Leaving directory '/media/leon/4442AE2F42AE25A022/LEONLAH/coding/opencv-4.5.1/build/CMakeFiles/CMakeTmp'


===== END =====

Determining if the function sgemm_ exists failed with the following output:
Change Dir: /media/leon/4442AE2F42AE25A022/LEONLAH/coding/opencv-4.5.1/build/CMakeFiles/CMakeTmp

Run Build Command(s):/usr/bin/make cmTC_43062/fast && /usr/bin/make -f CMakeFiles/cmTC_43062.dir/build.make CMakeFiles/cmTC_43062.dir/build
make[1]: Entering directory '/media/leon/4442AE2F42AE25A022/LEONLAH/coding/opencv-4.5.1/build/CMakeFiles/CMakeTmp'
Building C object CMakeFiles/cmTC_43062.dir/CheckFunctionExists.c.o
/usr/bin/cc   -fsigned-char -W -Wall -Werror=return-type -Werror=address -Werror=sequence-point -Wformat -Werror=format-security -Wmissing-declarations -Wmissing-prototypes -Wstrict-prototypes -Wundef -Winit-self -Wpointer-arith -Wshadow -Wuninitialized -Wno-comment -Wimplicit-fallthrough=3 -Wno-strict-overflow -fdiagnostics-show-option -Wno-long-long -pthread -fomit-frame-pointer -ffunction-sections -fdata-sections  -msse -msse2 -msse3 -fvisibility=hidden -DCHECK_FUNCTION_EXISTS=sgemm_ -O3 -DNDEBUG  -DNDEBUG -fPIE   -o CMakeFiles/cmTC_43062.dir/CheckFunctionExists.c.o   -c /usr/share/cmake-3.16/Modules/CheckFunctionExists.c
Linking C executable cmTC_43062
/usr/bin/cmake -E cmake_link_script CMakeFiles/cmTC_43062.dir/link.txt --verbose=1
/usr/bin/cc    -fsigned-char -W -Wall -Werror=return-type -Werror=address -Werror=sequence-point -Wformat -Werror=format-security -Wmissing-declarations -Wmissing-prototypes -Wstrict-prototypes -Wundef -Winit-self -Wpointer-arith -Wshadow -Wuninitialized -Wno-comment -Wimplicit-fallthrough=3 -Wno-strict-overflow -fdiagnostics-show-option -Wno-long-long -pthread -fomit-frame-pointer -ffunction-sections -fdata-sections  -msse -msse2 -msse3 -fvisibility=hidden -DCHECK_FUNCTION_EXISTS=sgemm_ -O3 -DNDEBUG  -DNDEBUG    -Wl,--gc-sections -Wl,--as-needed  CMakeFiles/cmTC_43062.dir/CheckFunctionExists.c.o  -o cmTC_43062 
/usr/bin/ld: CMakeFiles/cmTC_43062.dir/CheckFunctionExists.c.o: in function `main':
CheckFunctionExists.c:(.text.startup.main+0x10): undefined reference to `sgemm_'
collect2: error: ld returned 1 exit status
make[1]: *** [CMakeFiles/cmTC_43062.dir/build.make:87: cmTC_43062] Error 1
make[1]: Leaving directory '/media/leon/4442AE2F42AE25A022/LEONLAH/coding/opencv-4.5.1/build/CMakeFiles/CMakeTmp'
make: *** [Makefile:121: cmTC_43062/fast] Error 2



Build output check failed:
    Regex: 'command[- ]line option .* is valid for .* but not for C\+\+'
    Output line: 'cc1plus: warning: command line option ‘-Wno-missing-prototypes’ is valid for C/ObjC but not for C++'
Compilation failed:
    source file: '/media/leon/4442AE2F42AE25A022/LEONLAH/coding/opencv-4.5.1/build/CMakeFiles/CMakeTmp/src.cxx'
    check option: ' -Wno-missing-prototypes'
===== BUILD LOG =====
Change Dir: /media/leon/4442AE2F42AE25A022/LEONLAH/coding/opencv-4.5.1/build/CMakeFiles/CMakeTmp

Run Build Command(s):/usr/bin/make cmTC_9e587/fast && /usr/bin/make -f CMakeFiles/cmTC_9e587.dir/build.make CMakeFiles/cmTC_9e587.dir/build
make[1]: Entering directory '/media/leon/4442AE2F42AE25A022/LEONLAH/coding/opencv-4.5.1/build/CMakeFiles/CMakeTmp'
Building CXX object CMakeFiles/cmTC_9e587.dir/src.cxx.o
/usr/bin/c++    -fsigned-char -W -Wall -Werror=return-type -Werror=non-virtual-dtor -Werror=address -Werror=sequence-point -Wformat -Werror=format-security -Wmissing-declarations -Wundef -Winit-self -Wpointer-arith -Wshadow -Wsign-promo -Wuninitialized -Wsuggest-override -Wno-delete-non-virtual-dtor -Wno-comment -Wimplicit-fallthrough=3 -Wno-strict-overflow -fdiagnostics-show-option -Wno-long-long -pthread -fomit-frame-pointer -ffunction-sections -fdata-sections  -msse -msse2 -msse3 -fvisibility=hidden -fvisibility-inlines-hidden -Wno-deprecated  -O3 -DNDEBUG  -DNDEBUG -fPIE    -Wno-missing-prototypes -std=c++11 -o CMakeFiles/cmTC_9e587.dir/src.cxx.o -c /media/leon/4442AE2F42AE25A022/LEONLAH/coding/opencv-4.5.1/build/CMakeFiles/CMakeTmp/src.cxx
cc1plus: warning: command line option ‘-Wno-missing-prototypes’ is valid for C/ObjC but not for C++
/media/leon/4442AE2F42AE25A022/LEONLAH/coding/opencv-4.5.1/build/CMakeFiles/CMakeTmp/src.cxx:1: warning: ignoring #pragma   [-Wunknown-pragmas]
    1 | #pragma
      | 
Linking CXX executable cmTC_9e587
/usr/bin/cmake -E cmake_link_script CMakeFiles/cmTC_9e587.dir/link.txt --verbose=1
/usr/bin/c++     -fsigned-char -W -Wall -Werror=return-type -Werror=non-virtual-dtor -Werror=address -Werror=sequence-point -Wformat -Werror=format-security -Wmissing-declarations -Wundef -Winit-self -Wpointer-arith -Wshadow -Wsign-promo -Wuninitialized -Wsuggest-override -Wno-delete-non-virtual-dtor -Wno-comment -Wimplicit-fallthrough=3 -Wno-strict-overflow -fdiagnostics-show-option -Wno-long-long -pthread -fomit-frame-pointer -ffunction-sections -fdata-sections  -msse -msse2 -msse3 -fvisibility=hidden -fvisibility-inlines-hidden -Wno-deprecated  -O3 -DNDEBUG  -DNDEBUG    -Wl,--gc-sections -Wl,--as-needed  CMakeFiles/cmTC_9e587.dir/src.cxx.o  -o cmTC_9e587 
make[1]: Leaving directory '/media/leon/4442AE2F42AE25A022/LEONLAH/coding/opencv-4.5.1/build/CMakeFiles/CMakeTmp'


===== END =====

Build output check failed:
    Regex: 'unrecognized .*option'
    Output line: 'cc1plus: warning: unrecognized command line option ‘-Wno-tautological-undefined-compare’'
Compilation failed:
    source file: '/media/leon/4442AE2F42AE25A022/LEONLAH/coding/opencv-4.5.1/build/CMakeFiles/CMakeTmp/src.cxx'
    check option: ' -Wno-tautological-undefined-compare'
===== BUILD LOG =====
Change Dir: /media/leon/4442AE2F42AE25A022/LEONLAH/coding/opencv-4.5.1/build/CMakeFiles/CMakeTmp

Run Build Command(s):/usr/bin/make cmTC_35630/fast && /usr/bin/make -f CMakeFiles/cmTC_35630.dir/build.make CMakeFiles/cmTC_35630.dir/build
make[1]: Entering directory '/media/leon/4442AE2F42AE25A022/LEONLAH/coding/opencv-4.5.1/build/CMakeFiles/CMakeTmp'
Building CXX object CMakeFiles/cmTC_35630.dir/src.cxx.o
/usr/bin/c++    -fsigned-char -W -Wall -Werror=return-type -Werror=non-virtual-dtor -Werror=address -Werror=sequence-point -Wformat -Werror=format-security -Winit-self -Wpointer-arith -Wuninitialized -Wsuggest-override -Wno-delete-non-virtual-dtor -Wno-comment -Wimplicit-fallthrough=3 -Wno-strict-overflow -fdiagnostics-show-option -Wno-long-long -pthread -fomit-frame-pointer -ffunction-sections -fdata-sections  -msse -msse2 -msse3 -fvisibility=hidden -fvisibility-inlines-hidden -Wno-deprecated -Wno-missing-declarations -Wno-shadow -Wno-unused-parameter -Wno-unused-local-typedefs -Wno-sign-compare -Wno-sign-promo -Wno-undef  -O3 -DNDEBUG  -DNDEBUG -fPIE    -Wno-tautological-undefined-compare -std=c++11 -o CMakeFiles/cmTC_35630.dir/src.cxx.o -c /media/leon/4442AE2F42AE25A022/LEONLAH/coding/opencv-4.5.1/build/CMakeFiles/CMakeTmp/src.cxx
/media/leon/4442AE2F42AE25A022/LEONLAH/coding/opencv-4.5.1/build/CMakeFiles/CMakeTmp/src.cxx:1: warning: ignoring #pragma   [-Wunknown-pragmas]
    1 | #pragma
      | 
cc1plus: warning: unrecognized command line option ‘-Wno-tautological-undefined-compare’
Linking CXX executable cmTC_35630
/usr/bin/cmake -E cmake_link_script CMakeFiles/cmTC_35630.dir/link.txt --verbose=1
/usr/bin/c++     -fsigned-char -W -Wall -Werror=return-type -Werror=non-virtual-dtor -Werror=address -Werror=sequence-point -Wformat -Werror=format-security -Winit-self -Wpointer-arith -Wuninitialized -Wsuggest-override -Wno-delete-non-virtual-dtor -Wno-comment -Wimplicit-fallthrough=3 -Wno-strict-overflow -fdiagnostics-show-option -Wno-long-long -pthread -fomit-frame-pointer -ffunction-sections -fdata-sections  -msse -msse2 -msse3 -fvisibility=hidden -fvisibility-inlines-hidden -Wno-deprecated -Wno-missing-declarations -Wno-shadow -Wno-unused-parameter -Wno-unused-local-typedefs -Wno-sign-compare -Wno-sign-promo -Wno-undef  -O3 -DNDEBUG  -DNDEBUG    -Wl,--gc-sections -Wl,--as-needed  CMakeFiles/cmTC_35630.dir/src.cxx.o  -o cmTC_35630 
make[1]: Leaving directory '/media/leon/4442AE2F42AE25A022/LEONLAH/coding/opencv-4.5.1/build/CMakeFiles/CMakeTmp'


===== END =====

Build output check failed:
    Regex: 'unrecognized .*option'
    Output line: 'cc1plus: warning: unrecognized command line option ‘-Wno-shorten-64-to-32’'
Compilation failed:
    source file: '/media/leon/4442AE2F42AE25A022/LEONLAH/coding/opencv-4.5.1/build/CMakeFiles/CMakeTmp/src.cxx'
    check option: ' -Wno-shorten-64-to-32'
===== BUILD LOG =====
Change Dir: /media/leon/4442AE2F42AE25A022/LEONLAH/coding/opencv-4.5.1/build/CMakeFiles/CMakeTmp

Run Build Command(s):/usr/bin/make cmTC_c8de7/fast && /usr/bin/make -f CMakeFiles/cmTC_c8de7.dir/build.make CMakeFiles/cmTC_c8de7.dir/build
make[1]: Entering directory '/media/leon/4442AE2F42AE25A022/LEONLAH/coding/opencv-4.5.1/build/CMakeFiles/CMakeTmp'
Building CXX object CMakeFiles/cmTC_c8de7.dir/src.cxx.o
/usr/bin/c++    -fsigned-char -W -Wall -Werror=return-type -Werror=non-virtual-dtor -Werror=address -Werror=sequence-point -Wformat -Werror=format-security -Winit-self -Wpointer-arith -Wuninitialized -Wsuggest-override -Wno-delete-non-virtual-dtor -Wno-comment -Wimplicit-fallthrough=3 -Wno-strict-overflow -fdiagnostics-show-option -Wno-long-long -pthread -fomit-frame-pointer -ffunction-sections -fdata-sections  -msse -msse2 -msse3 -fvisibility=hidden -fvisibility-inlines-hidden -Wno-deprecated -Wno-missing-declarations -Wno-shadow -Wno-unused-parameter -Wno-unused-local-typedefs -Wno-sign-compare -Wno-sign-promo -Wno-undef -Wno-ignored-qualifiers -Wno-extra -Wno-unused-function -Wno-unused-const-variable  -O3 -DNDEBUG  -DNDEBUG -fPIE    -Wno-shorten-64-to-32 -std=c++11 -o CMakeFiles/cmTC_c8de7.dir/src.cxx.o -c /media/leon/4442AE2F42AE25A022/LEONLAH/coding/opencv-4.5.1/build/CMakeFiles/CMakeTmp/src.cxx
/media/leon/4442AE2F42AE25A022/LEONLAH/coding/opencv-4.5.1/build/CMakeFiles/CMakeTmp/src.cxx:1: warning: ignoring #pragma   [-Wunknown-pragmas]
    1 | #pragma
      | 
cc1plus: warning: unrecognized command line option ‘-Wno-shorten-64-to-32’
Linking CXX executable cmTC_c8de7
/usr/bin/cmake -E cmake_link_script CMakeFiles/cmTC_c8de7.dir/link.txt --verbose=1
/usr/bin/c++     -fsigned-char -W -Wall -Werror=return-type -Werror=non-virtual-dtor -Werror=address -Werror=sequence-point -Wformat -Werror=format-security -Winit-self -Wpointer-arith -Wuninitialized -Wsuggest-override -Wno-delete-non-virtual-dtor -Wno-comment -Wimplicit-fallthrough=3 -Wno-strict-overflow -fdiagnostics-show-option -Wno-long-long -pthread -fomit-frame-pointer -ffunction-sections -fdata-sections  -msse -msse2 -msse3 -fvisibility=hidden -fvisibility-inlines-hidden -Wno-deprecated -Wno-missing-declarations -Wno-shadow -Wno-unused-parameter -Wno-unused-local-typedefs -Wno-sign-compare -Wno-sign-promo -Wno-undef -Wno-ignored-qualifiers -Wno-extra -Wno-unused-function -Wno-unused-const-variable  -O3 -DNDEBUG  -DNDEBUG    -Wl,--gc-sections -Wl,--as-needed  CMakeFiles/cmTC_c8de7.dir/src.cxx.o  -o cmTC_c8de7 
make[1]: Leaving directory '/media/leon/4442AE2F42AE25A022/LEONLAH/coding/opencv-4.5.1/build/CMakeFiles/CMakeTmp'


===== END =====

Build output check failed:
    Regex: 'unrecognized .*option'
    Output line: 'cc1plus: warning: unrecognized command line option ‘-Wno-enum-compare-switch’'
Compilation failed:
    source file: '/media/leon/4442AE2F42AE25A022/LEONLAH/coding/opencv-4.5.1/build/CMakeFiles/CMakeTmp/src.cxx'
    check option: ' -Wno-enum-compare-switch'
===== BUILD LOG =====
Change Dir: /media/leon/4442AE2F42AE25A022/LEONLAH/coding/opencv-4.5.1/build/CMakeFiles/CMakeTmp

Run Build Command(s):/usr/bin/make cmTC_10ebe/fast && /usr/bin/make -f CMakeFiles/cmTC_10ebe.dir/build.make CMakeFiles/cmTC_10ebe.dir/build
make[1]: Entering directory '/media/leon/4442AE2F42AE25A022/LEONLAH/coding/opencv-4.5.1/build/CMakeFiles/CMakeTmp'
Building CXX object CMakeFiles/cmTC_10ebe.dir/src.cxx.o
/usr/bin/c++    -fsigned-char -W -Wall -Werror=return-type -Werror=non-virtual-dtor -Werror=address -Werror=sequence-point -Wformat -Werror=format-security -Winit-self -Wpointer-arith -Wuninitialized -Wsuggest-override -Wno-delete-non-virtual-dtor -Wno-comment -Wimplicit-fallthrough=3 -Wno-strict-overflow -fdiagnostics-show-option -Wno-long-long -pthread -fomit-frame-pointer -ffunction-sections -fdata-sections  -msse -msse2 -msse3 -fvisibility=hidden -fvisibility-inlines-hidden -Wno-deprecated -Wno-missing-declarations -Wno-shadow -Wno-unused-parameter -Wno-unused-local-typedefs -Wno-sign-compare -Wno-sign-promo -Wno-undef -Wno-ignored-qualifiers -Wno-extra -Wno-unused-function -Wno-unused-const-variable -Wno-invalid-offsetof  -O3 -DNDEBUG  -DNDEBUG -fPIE    -Wno-enum-compare-switch -std=c++11 -o CMakeFiles/cmTC_10ebe.dir/src.cxx.o -c /media/leon/4442AE2F42AE25A022/LEONLAH/coding/opencv-4.5.1/build/CMakeFiles/CMakeTmp/src.cxx
/media/leon/4442AE2F42AE25A022/LEONLAH/coding/opencv-4.5.1/build/CMakeFiles/CMakeTmp/src.cxx:1: warning: ignoring #pragma   [-Wunknown-pragmas]
    1 | #pragma
      | 
cc1plus: warning: unrecognized command line option ‘-Wno-enum-compare-switch’
Linking CXX executable cmTC_10ebe
/usr/bin/cmake -E cmake_link_script CMakeFiles/cmTC_10ebe.dir/link.txt --verbose=1
/usr/bin/c++     -fsigned-char -W -Wall -Werror=return-type -Werror=non-virtual-dtor -Werror=address -Werror=sequence-point -Wformat -Werror=format-security -Winit-self -Wpointer-arith -Wuninitialized -Wsuggest-override -Wno-delete-non-virtual-dtor -Wno-comment -Wimplicit-fallthrough=3 -Wno-strict-overflow -fdiagnostics-show-option -Wno-long-long -pthread -fomit-frame-pointer -ffunction-sections -fdata-sections  -msse -msse2 -msse3 -fvisibility=hidden -fvisibility-inlines-hidden -Wno-deprecated -Wno-missing-declarations -Wno-shadow -Wno-unused-parameter -Wno-unused-local-typedefs -Wno-sign-compare -Wno-sign-promo -Wno-undef -Wno-ignored-qualifiers -Wno-extra -Wno-unused-function -Wno-unused-const-variable -Wno-invalid-offsetof  -O3 -DNDEBUG  -DNDEBUG    -Wl,--gc-sections -Wl,--as-needed  CMakeFiles/cmTC_10ebe.dir/src.cxx.o  -o cmTC_10ebe 
make[1]: Leaving directory '/media/leon/4442AE2F42AE25A022/LEONLAH/coding/opencv-4.5.1/build/CMakeFiles/CMakeTmp'


===== END =====

Build output check failed:
    Regex: 'unrecognized .*option'
    Output line: 'cc1plus: warning: unrecognized command line option ‘-Wno-inconsistent-missing-override’'
Compilation failed:
    source file: '/media/leon/4442AE2F42AE25A022/LEONLAH/coding/opencv-4.5.1/build/CMakeFiles/CMakeTmp/src.cxx'
    check option: ' -Wno-inconsistent-missing-override'
===== BUILD LOG =====
Change Dir: /media/leon/4442AE2F42AE25A022/LEONLAH/coding/opencv-4.5.1/build/CMakeFiles/CMakeTmp

Run Build Command(s):/usr/bin/make cmTC_9c0ae/fast && /usr/bin/make -f CMakeFiles/cmTC_9c0ae.dir/build.make CMakeFiles/cmTC_9c0ae.dir/build
make[1]: Entering directory '/media/leon/4442AE2F42AE25A022/LEONLAH/coding/opencv-4.5.1/build/CMakeFiles/CMakeTmp'
Building CXX object CMakeFiles/cmTC_9c0ae.dir/src.cxx.o
/usr/bin/c++    -fsigned-char -W -Wall -Werror=return-type -Werror=non-virtual-dtor -Werror=address -Werror=sequence-point -Wformat -Werror=format-security -Winit-self -Wpointer-arith -Wuninitialized -Wno-delete-non-virtual-dtor -Wno-comment -Wimplicit-fallthrough=3 -Wno-strict-overflow -fdiagnostics-show-option -Wno-long-long -pthread -fomit-frame-pointer -ffunction-sections -fdata-sections  -msse -msse2 -msse3 -fvisibility=hidden -fvisibility-inlines-hidden -Wno-deprecated -Wno-missing-declarations -Wno-shadow -Wno-unused-parameter -Wno-unused-local-typedefs -Wno-sign-compare -Wno-sign-promo -Wno-undef -Wno-ignored-qualifiers -Wno-extra -Wno-unused-function -Wno-unused-const-variable -Wno-invalid-offsetof -Wno-suggest-override  -O3 -DNDEBUG  -DNDEBUG -fPIE    -Wno-inconsistent-missing-override -std=c++11 -o CMakeFiles/cmTC_9c0ae.dir/src.cxx.o -c /media/leon/4442AE2F42AE25A022/LEONLAH/coding/opencv-4.5.1/build/CMakeFiles/CMakeTmp/src.cxx
/media/leon/4442AE2F42AE25A022/LEONLAH/coding/opencv-4.5.1/build/CMakeFiles/CMakeTmp/src.cxx:1: warning: ignoring #pragma   [-Wunknown-pragmas]
    1 | #pragma
      | 
cc1plus: warning: unrecognized command line option ‘-Wno-inconsistent-missing-override’
Linking CXX executable cmTC_9c0ae
/usr/bin/cmake -E cmake_link_script CMakeFiles/cmTC_9c0ae.dir/link.txt --verbose=1
/usr/bin/c++     -fsigned-char -W -Wall -Werror=return-type -Werror=non-virtual-dtor -Werror=address -Werror=sequence-point -Wformat -Werror=format-security -Winit-self -Wpointer-arith -Wuninitialized -Wno-delete-non-virtual-dtor -Wno-comment -Wimplicit-fallthrough=3 -Wno-strict-overflow -fdiagnostics-show-option -Wno-long-long -pthread -fomit-frame-pointer -ffunction-sections -fdata-sections  -msse -msse2 -msse3 -fvisibility=hidden -fvisibility-inlines-hidden -Wno-deprecated -Wno-missing-declarations -Wno-shadow -Wno-unused-parameter -Wno-unused-local-typedefs -Wno-sign-compare -Wno-sign-promo -Wno-undef -Wno-ignored-qualifiers -Wno-extra -Wno-unused-function -Wno-unused-const-variable -Wno-invalid-offsetof -Wno-suggest-override  -O3 -DNDEBUG  -DNDEBUG    -Wl,--gc-sections -Wl,--as-needed  CMakeFiles/cmTC_9c0ae.dir/src.cxx.o  -o cmTC_9c0ae 
make[1]: Leaving directory '/media/leon/4442AE2F42AE25A022/LEONLAH/coding/opencv-4.5.1/build/CMakeFiles/CMakeTmp'


===== END =====

Determining if the include file sys/videoio.h exists failed with the following output:
Change Dir: /media/leon/4442AE2F42AE25A022/LEONLAH/coding/opencv-4.5.1/build/CMakeFiles/CMakeTmp

Run Build Command(s):/usr/bin/make cmTC_cc03a/fast && /usr/bin/make -f CMakeFiles/cmTC_cc03a.dir/build.make CMakeFiles/cmTC_cc03a.dir/build
make[1]: Entering directory '/media/leon/4442AE2F42AE25A022/LEONLAH/coding/opencv-4.5.1/build/CMakeFiles/CMakeTmp'
Building C object CMakeFiles/cmTC_cc03a.dir/CheckIncludeFile.c.o
/usr/bin/cc   -fsigned-char -W -Wall -Werror=return-type -Werror=address -Werror=sequence-point -Wformat -Werror=format-security -Wmissing-declarations -Wmissing-prototypes -Wstrict-prototypes -Wundef -Winit-self -Wpointer-arith -Wshadow -Wuninitialized -Wno-comment -Wimplicit-fallthrough=3 -Wno-strict-overflow -fdiagnostics-show-option -Wno-long-long -pthread -fomit-frame-pointer -ffunction-sections -fdata-sections  -msse -msse2 -msse3 -fvisibility=hidden  -O3 -DNDEBUG  -DNDEBUG -fPIE   -o CMakeFiles/cmTC_cc03a.dir/CheckIncludeFile.c.o   -c /media/leon/4442AE2F42AE25A022/LEONLAH/coding/opencv-4.5.1/build/CMakeFiles/CMakeTmp/CheckIncludeFile.c
/media/leon/4442AE2F42AE25A022/LEONLAH/coding/opencv-4.5.1/build/CMakeFiles/CMakeTmp/CheckIncludeFile.c:1:10: fatal error: sys/videoio.h: No such file or directory
    1 | #include <sys/videoio.h>
      |          ^~~~~~~~~~~~~~~
compilation terminated.
make[1]: *** [CMakeFiles/cmTC_cc03a.dir/build.make:66: CMakeFiles/cmTC_cc03a.dir/CheckIncludeFile.c.o] Error 1
make[1]: Leaving directory '/media/leon/4442AE2F42AE25A022/LEONLAH/coding/opencv-4.5.1/build/CMakeFiles/CMakeTmp'
make: *** [Makefile:121: cmTC_cc03a/fast] Error 2



Build output check failed:
    Regex: 'unrecognized .*option'
    Output line: 'cc1plus: warning: unrecognized command line option ‘-Wno-unused-private-field’'
Compilation failed:
    source file: '/media/leon/4442AE2F42AE25A022/LEONLAH/coding/opencv-4.5.1/build/CMakeFiles/CMakeTmp/src.cxx'
    check option: ' -Wno-unused-private-field'
===== BUILD LOG =====
Change Dir: /media/leon/4442AE2F42AE25A022/LEONLAH/coding/opencv-4.5.1/build/CMakeFiles/CMakeTmp

Run Build Command(s):/usr/bin/make cmTC_57090/fast && /usr/bin/make -f CMakeFiles/cmTC_57090.dir/build.make CMakeFiles/cmTC_57090.dir/build
make[1]: Entering directory '/media/leon/4442AE2F42AE25A022/LEONLAH/coding/opencv-4.5.1/build/CMakeFiles/CMakeTmp'
Building CXX object CMakeFiles/cmTC_57090.dir/src.cxx.o
/usr/bin/c++    -fsigned-char -W -Wall -Werror=return-type -Werror=non-virtual-dtor -Werror=address -Werror=sequence-point -Wformat -Werror=format-security -Wmissing-declarations -Wundef -Winit-self -Wpointer-arith -Wshadow -Wsign-promo -Wuninitialized -Wsuggest-override -Wno-delete-non-virtual-dtor -Wno-comment -Wimplicit-fallthrough=3 -Wno-strict-overflow -fdiagnostics-show-option -Wno-long-long -pthread -fomit-frame-pointer -ffunction-sections -fdata-sections  -msse -msse2 -msse3 -fvisibility=hidden -fvisibility-inlines-hidden -Wno-unused-function -Wno-deprecated-declarations -Wno-overloaded-virtual  -O3 -DNDEBUG  -DNDEBUG -fPIE    -Wno-unused-private-field -std=c++11 -o CMakeFiles/cmTC_57090.dir/src.cxx.o -c /media/leon/4442AE2F42AE25A022/LEONLAH/coding/opencv-4.5.1/build/CMakeFiles/CMakeTmp/src.cxx
/media/leon/4442AE2F42AE25A022/LEONLAH/coding/opencv-4.5.1/build/CMakeFiles/CMakeTmp/src.cxx:1: warning: ignoring #pragma   [-Wunknown-pragmas]
    1 | #pragma
      | 
cc1plus: warning: unrecognized command line option ‘-Wno-unused-private-field’
Linking CXX executable cmTC_57090
/usr/bin/cmake -E cmake_link_script CMakeFiles/cmTC_57090.dir/link.txt --verbose=1
/usr/bin/c++     -fsigned-char -W -Wall -Werror=return-type -Werror=non-virtual-dtor -Werror=address -Werror=sequence-point -Wformat -Werror=format-security -Wmissing-declarations -Wundef -Winit-self -Wpointer-arith -Wshadow -Wsign-promo -Wuninitialized -Wsuggest-override -Wno-delete-non-virtual-dtor -Wno-comment -Wimplicit-fallthrough=3 -Wno-strict-overflow -fdiagnostics-show-option -Wno-long-long -pthread -fomit-frame-pointer -ffunction-sections -fdata-sections  -msse -msse2 -msse3 -fvisibility=hidden -fvisibility-inlines-hidden -Wno-unused-function -Wno-deprecated-declarations -Wno-overloaded-virtual  -O3 -DNDEBUG  -DNDEBUG    -Wl,--gc-sections -Wl,--as-needed  CMakeFiles/cmTC_57090.dir/src.cxx.o  -o cmTC_57090 
make[1]: Leaving directory '/media/leon/4442AE2F42AE25A022/LEONLAH/coding/opencv-4.5.1/build/CMakeFiles/CMakeTmp'


===== END =====

